<?xml version="1.0" encoding="UTF-8"?>
<testsuite xmlns:xsi="http://www.w3.org/2001/XMLSchema-instance" xsi:noNamespaceSchemaLocation="https://maven.apache.org/surefire/maven-surefire-plugin/xsd/surefire-test-report-3.0.xsd" version="3.0" name="com.convertion.convertion.ConvertionApplicationTests" time="5.973" tests="1" errors="0" skipped="0" failures="0">
  <properties>
[...]
</properties>
  <testcase name="contextLoads" classname="com.convertion.convertion.ConvertionApplicationTests" time="1.592">
    <system-out><![CDATA[13:45:13.855 [main] INFO org.springframework.test.context.support.AnnotationConfigContextLoaderUtils -- Could not detect default configuration classes for test class [com.convertion.convertion.ConvertionApplicationTests]: ConvertionApplicationTests does not declare any static, non-private, non-final, nested classes annotated with @Configuration.
13:45:14.139 [main] INFO org.springframework.boot.test.context.SpringBootTestContextBootstrapper -- Found @SpringBootConfiguration com.convertion.convertion.ConvertionApplication for test class com.convertion.convertion.ConvertionApplicationTests

  .   ____          _            __ _ _
 /\\ / ___'_ __ _ _(_)_ __  __ _ \ \ \ \
( ( )\___ | '_ | '_| | '_ \/ _` | \ \ \ \
 \\/  ___)| |_)| | | | | || (_| |  ) ) ) )
  '  |____| .__|_| |_|_| |_\__, | / / / /
 =========|_|==============|___/=/_/_/_/

 :: Spring Boot ::                (v3.3.3)

2024-09-12T13:45:15.058-03:00  INFO 19204 --- [convertion] [           main] c.c.c.ConvertionApplicationTests         : Starting ConvertionApplicationTests using Java 21.0.4 with PID 19204 (started by Victo in C:\Users\Victo\Downloads\convertion\convertion)
2024-09-12T13:45:15.062-03:00  INFO 19204 --- [convertion] [           main] c.c.c.ConvertionApplicationTests         : No active profile set, falling back to 1 default profile: "default"
2024-09-12T13:45:17.823-03:00  INFO 19204 --- [convertion] [           main] c.c.c.ConvertionApplicationTests         : Started ConvertionApplicationTests in 3.364 seconds (process running for 5.488)
]]></system-out>
    <system-err><![CDATA[WARNING: A Java agent has been loaded dynamically (C:\Users\Victo\.m2\repository\net\bytebuddy\byte-buddy-agent\1.14.19\byte-buddy-agent-1.14.19.jar)
WARNING: If a serviceability tool is in use, please run with -XX:+EnableDynamicAgentLoading to hide this warning
WARNING: If a serviceability tool is not in use, please run with -Djdk.instrument.traceUsage for more information
WARNING: Dynamic loading of agents will be disallowed by default in a future release
]]></system-err>
  </testcase>
</testsuite>